<?xml version="1.0" encoding="UTF-8" ?>
<testsuites>
  <testsuite errors="0" failures="0" hostname="nelson-bcsg" id="0" name="EmailTestsSpec" package="com.secretescapes" tests="1" time="0.214" timestamp="2015-05-18T09:17:54">
      <properties />

      <testcase classname="com.secretescapes.EmailTestsSpec" name="test email sending" time="0.214" />

      <system-out><![CDATA[--Output from test email sending--
]]></system-out>

      <system-err><![CDATA[--Output from test email sending--
]]></system-err>

  </testsuite>
  <testsuite errors="0" failures="0" hostname="nelson-bcsg" id="1" name="PaymentIntSpec" package="com.secretescapes" tests="1" time="0.14" timestamp="2015-05-18T09:17:54">
      <properties />

      <testcase classname="com.secretescapes.PaymentIntSpec" name="test I can make a transfer between two different accounts" time="0.14" />

      <system-out><![CDATA[--Output from test I can make a transfer between two different accounts--
]]></system-out>

      <system-err><![CDATA[--Output from test I can make a transfer between two different accounts--
]]></system-err>

  </testsuite>
  <testsuite errors="0" failures="0" hostname="nelson-bcsg" id="2" name="PaymentControllerSpec" package="com.secretescapes" tests="2" time="1.835" timestamp="2015-05-18T09:17:38">
      <properties />

      <testcase classname="com.secretescapes.PaymentControllerSpec" name="test payment fails when trying to transfer money to same accounts" time="1.647" />

      <testcase classname="com.secretescapes.PaymentControllerSpec" name="test payment fails when trying to transfer an amount greater than the current balance" time="0.17" />

      <system-out><![CDATA[--Output from test payment fails when trying to transfer money to same accounts--
--Output from test payment fails when trying to transfer an amount greater than the current balance--
]]></system-out>

      <system-err><![CDATA[--Output from test payment fails when trying to transfer money to same accounts--
--Output from test payment fails when trying to transfer an amount greater than the current balance--
]]></system-err>

  </testsuite>
  <testsuite errors="0" failures="0" hostname="nelson-bcsg" id="3" name="PaymentServiceSpec" package="com.secretescapes" tests="3" time="2.203" timestamp="2015-05-18T09:17:35">
      <properties />

      <testcase classname="com.secretescapes.PaymentServiceSpec" name="test account hasn&apos;t enough funds" time="0.484" />

      <testcase classname="com.secretescapes.PaymentServiceSpec" name="test account has enough funds" time="0.303" />

      <testcase classname="com.secretescapes.PaymentServiceSpec" name="test that the transfer can be done" time="0.705" />

      <system-out><![CDATA[--Output from test account hasn't enough funds--
--Output from test account has enough funds--
--Output from test that the transfer can be done--
]]></system-out>

      <system-err><![CDATA[--Output from test account hasn't enough funds--
--Output from test account has enough funds--
--Output from test that the transfer can be done--
]]></system-err>

  </testsuite>
  <testsuite errors="0" failures="0" hostname="nelson-bcsg" id="4" name="TransactionControllerSpec" package="com.secretescapes" tests="1" time="10.287" timestamp="2015-05-18T09:17:25">
      <properties />

      <testcase classname="com.secretescapes.TransactionControllerSpec" name="test get transactions" time="9.975" />

      <system-out><![CDATA[--Output from test get transactions--
]]></system-out>

      <system-err><![CDATA[--Output from test get transactions--
]]></system-err>

  </testsuite>
</testsuites>
